<?xml version="1.0" encoding="UTF-8"?>
<!-- Generated by org.testng.reporters.JUnitReportReporter -->
<testsuite skipped="0" hostname="MADNB3266" name="firstJenkins.FirstJenkisSelenium" tests="1" failures="0" timestamp="01 Mar 2018 13:56:27 GMT" time="0.016" errors="0">
  <testcase name="test1" time="0.016" classname="firstJenkins.FirstJenkisSelenium"/>
</testsuite> <!-- firstJenkins.FirstJenkisSelenium -->
